2026-04-05 17:48:40.189 [info] Reading sessions from keychain...
2026-04-05 17:48:40.189 [info] Getting sessions for all scopes...
2026-04-05 17:48:41.301 [info] Got 0 sessions for ...
2026-04-05 17:48:41.302 [info] Getting sessions for all scopes...
2026-04-05 17:48:41.302 [info] Got 0 sessions for ...
2026-04-05 17:48:41.303 [info] Getting sessions for all scopes...
2026-04-05 17:48:41.303 [info] Got 0 sessions for ...
2026-04-05 17:48:41.930 [info] Getting sessions for all scopes...
2026-04-05 17:48:41.930 [info] Got 0 sessions for ...
2026-04-05 17:48:43.438 [info] Getting sessions for all scopes...
2026-04-05 17:48:43.438 [info] Got 0 sessions for ...
2026-04-05 17:48:47.815 [info] Getting sessions for all scopes...
2026-04-05 17:48:47.815 [info] Got 0 sessions for ...
2026-04-05 17:50:00.153 [info] Logging in with apple,  'any' account...
2026-04-05 17:50:00.153 [info] Logging in for the following scopes: read:user repo user:email workflow
2026-04-05 17:50:01.792 [info] Trying with local server... (read:user repo user:email workflow)
2026-04-05 17:51:38.767 [info] Exchanging code for token...
2026-04-05 17:51:39.989 [info] Token exchange success!
2026-04-05 17:51:40.113 [info] Getting user info...
2026-04-05 17:51:41.985 [info] Got account info!
2026-04-05 17:51:41.997 [info] Storing 1 sessions...
2026-04-05 17:51:43.835 [info] FetcherService: Node fetch failed with status: 429 Too Many Requests
2026-04-05 17:51:43.835 [info] Unable to resolve optional EDU details. Status: 429 Too Many Requests
2026-04-05 17:55:16.830 [info] Reading sessions from keychain...
2026-04-05 17:55:16.835 [info] Stored 1 sessions!
2026-04-05 17:55:16.839 [info] Login success!
2026-04-05 17:55:17.148 [info] Got stored sessions!
2026-04-05 17:55:17.241 [info] Got 1 verified sessions.
