0 verbose cli /home/chimdi/.config/nvm/versions/node/v20.20.2/bin/node /home/chimdi/.config/nvm/versions/node/v20.20.2/bin/npm
1 info using npm@10.8.2
2 info using node@v20.20.2
3 silly config load:file:/home/chimdi/.config/nvm/versions/node/v20.20.2/lib/node_modules/npm/npmrc
4 silly config load:file:/home/chimdi/.npmrc
5 silly config load:file:/home/chimdi/.config/nvm/versions/node/v20.20.2/etc/npmrc
6 verbose title npm run dev cat
7 verbose argv "run" "dev" "cat"
8 verbose logfile logs-max:10 dir:/home/chimdi/.npm/_logs/2026-04-08T22_35_08_730Z-
9 verbose logfile /home/chimdi/.npm/_logs/2026-04-08T22_35_08_730Z-debug-0.log
10 silly logfile start cleaning logs, removing 1 files
11 verbose stack Error: Could not read package.json: Error: ENOENT: no such file or directory, open '/home/chimdi/package.json'
11 verbose stack     at async open (node:internal/fs/promises:637:25)
11 verbose stack     at async readFile (node:internal/fs/promises:1249:14)
11 verbose stack     at async read (/home/chimdi/.config/nvm/versions/node/v20.20.2/lib/node_modules/npm/node_modules/@npmcli/package-json/lib/read-package.js:9:18)
11 verbose stack     at async PackageJson.load (/home/chimdi/.config/nvm/versions/node/v20.20.2/lib/node_modules/npm/node_modules/@npmcli/package-json/lib/index.js:130:31)
11 verbose stack     at async PackageJson.normalize (/home/chimdi/.config/nvm/versions/node/v20.20.2/lib/node_modules/npm/node_modules/@npmcli/package-json/lib/index.js:116:5)
11 verbose stack     at async #run (/home/chimdi/.config/nvm/versions/node/v20.20.2/lib/node_modules/npm/lib/commands/run-script.js:85:13)
11 verbose stack     at async RunScript.exec (/home/chimdi/.config/nvm/versions/node/v20.20.2/lib/node_modules/npm/lib/commands/run-script.js:39:7)
11 verbose stack     at async Npm.exec (/home/chimdi/.config/nvm/versions/node/v20.20.2/lib/node_modules/npm/lib/npm.js:207:9)
11 verbose stack     at async module.exports (/home/chimdi/.config/nvm/versions/node/v20.20.2/lib/node_modules/npm/lib/cli/entry.js:74:5)
12 error code ENOENT
13 error syscall open
14 error path /home/chimdi/package.json
15 error errno -2
16 error enoent Could not read package.json: Error: ENOENT: no such file or directory, open '/home/chimdi/package.json'
17 error enoent This is related to npm not being able to find a file.
17 error enoent
18 verbose cwd /home/chimdi
19 verbose os Linux 6.6.76-08096-g300882a0a131
20 verbose node v20.20.2
21 verbose npm  v10.8.2
22 verbose exit -2
23 verbose code -2
24 error A complete log of this run can be found in: /home/chimdi/.npm/_logs/2026-04-08T22_35_08_730Z-debug-0.log
