2026-04-08 23:49:04.718 [info] Starting Environment refresh
2026-04-08 23:49:04.718 [info] Searching for interpreters in posix paths locator
2026-04-08 23:49:04.865 [info] Searching for pyenv environments
2026-04-08 23:49:04.865 [info] Searching for conda environments
2026-04-08 23:49:04.867 [info] Searching for global virtual environments
2026-04-08 23:49:04.869 [info] Searching for custom virtual environments
2026-04-08 23:49:04.949 [info] pyenv is not installed
2026-04-08 23:49:04.949 [info] Finished searching for pyenv environments: 227 milliseconds
2026-04-08 23:49:04.956 [info] Finished searching for custom virtual envs: 195 milliseconds
2026-04-08 23:49:05.083 [info] > conda info --json
2026-04-08 23:49:05.262 [info] Skipping ActivatedEnv Detection:  process.env.VSCODE_CLI !== '1'
2026-04-08 23:49:05.264 [info] Skipping ActivatedEnv Detection:  process.env.VSCODE_CLI !== '1'
2026-04-08 23:49:05.294 [info] Finished searching for global virtual envs: 547 milliseconds
2026-04-08 23:49:07.976 [info] Found: /bin/python3 --> /bin/python3.11
2026-04-08 23:49:07.981 [info] Found: /bin/python3.11 --> /bin/python3.11
2026-04-08 23:49:08.140 [info] Found: /usr/bin/python3 --> /usr/bin/python3.11
2026-04-08 23:49:08.140 [info] Found: /usr/bin/python3.11 --> /usr/bin/python3.11
2026-04-08 23:49:15.018 [info] Finished searching for interpreters in posix paths locator: 10221 milliseconds
2026-04-08 23:49:15.018 [info] > /bin/python3 -I ~/.antigravity/extensions/ms-python.python-2026.4.0-universal/python_files/get_output_via_markers.py ~/.antigravity/extensions/ms-python.python-2026.4.0-universal/python_files/interpreterInfo.py
2026-04-08 23:49:15.287 [info] > /usr/bin/python3 -I ~/.antigravity/extensions/ms-python.python-2026.4.0-universal/python_files/get_output_via_markers.py ~/.antigravity/extensions/ms-python.python-2026.4.0-universal/python_files/interpreterInfo.py
2026-04-08 23:49:15.287 [info] Environments refresh paths discovered (event): 10598 milliseconds
2026-04-08 23:49:15.287 [info] Environments refresh paths discovered: 10599 milliseconds
2026-04-08 23:49:16.067 [info] Environments refresh finished (event): 11379 milliseconds
2026-04-08 23:49:16.263 [info] Environment refresh took 11587 milliseconds
2026-04-08 23:49:17.842 [info] Python interpreter path: /bin/python3
2026-04-08 23:49:19.361 [info] Editor support is inactive since language server is set to None.
