2026-04-08 23:20:30.218 [info] [CloudCode] POST v1internal:loadCodeAssist traceId: 256cb8ac6a860c46
2026-04-08 23:20:30.492 [info] [CloudCode] POST v1internal:loadCodeAssist traceId: 1d593ecba7326e8d
2026-04-08 23:20:32.647 [info] [CloudCode] POST v1internal:fetchAvailableModels traceId: 5a003e7ec22c3825
2026-04-08 23:20:33.495 [info] [CloudCode] POST v1internal:fetchAvailableModels traceId: b60a35de386eee81
2026-04-08 23:25:24.321 [info] [CloudCode] POST v1internal:loadCodeAssist traceId: daf92569323e1ade
2026-04-08 23:25:24.882 [info] [CloudCode] POST v1internal:fetchAvailableModels traceId: 45b267d486a389c6
2026-04-08 23:30:23.752 [info] [CloudCode] POST v1internal:loadCodeAssist traceId: 5fbedb34193dd52
2026-04-08 23:30:24.274 [info] [CloudCode] POST v1internal:fetchAvailableModels traceId: baa45e666252e028
2026-04-08 23:35:24.764 [info] [CloudCode] POST v1internal:loadCodeAssist traceId: 916bc7c36438ee2e
2026-04-08 23:35:25.370 [info] [CloudCode] POST v1internal:fetchAvailableModels traceId: 2b8a75c90479fab4
2026-04-08 23:40:29.261 [info] [CloudCode] POST v1internal:loadCodeAssist traceId: 7c4963afb6e1fe20
2026-04-08 23:40:29.777 [info] [CloudCode] POST v1internal:fetchAvailableModels traceId: 80f721f08ff52584
2026-04-08 23:45:23.858 [info] [CloudCode] POST v1internal:loadCodeAssist traceId: e171041c42c9a039
2026-04-08 23:45:24.354 [info] [CloudCode] POST v1internal:fetchAvailableModels traceId: 21ef6f409192c953
2026-04-08 23:50:29.815 [info] [CloudCode] POST v1internal:loadCodeAssist traceId: f5b5c58e6d362e9
2026-04-08 23:50:30.916 [info] [CloudCode] POST v1internal:fetchAvailableModels traceId: 14fa14c255fc413d
2026-04-08 23:55:23.657 [info] [CloudCode] POST v1internal:loadCodeAssist traceId: 4793a982539b61e8
2026-04-08 23:55:24.178 [info] [CloudCode] POST v1internal:fetchAvailableModels traceId: 7ccd270af27e7b1c
2026-04-09 00:00:24.592 [info] [CloudCode] POST v1internal:loadCodeAssist traceId: 51670b201aaa82d5
2026-04-09 00:00:27.073 [info] [CloudCode] POST v1internal:fetchAvailableModels traceId: 9b4fbbd9412b0ef
2026-04-09 00:05:25.185 [info] [CloudCode] POST v1internal:loadCodeAssist traceId: c418ba022cdebf3c
2026-04-09 00:05:26.436 [info] [CloudCode] POST v1internal:fetchAvailableModels traceId: 2c61a43d44d41009
2026-04-09 00:10:24.141 [info] [CloudCode] POST v1internal:loadCodeAssist traceId: 48b18e1f63533dee
2026-04-09 00:10:25.308 [info] [CloudCode] POST v1internal:loadCodeAssist traceId: 4ff7e91865e11507
2026-04-09 00:10:26.073 [info] [CloudCode] POST v1internal:fetchAvailableModels traceId: 9e3fc75db61ea755
2026-04-09 00:15:26.949 [info] [CloudCode] POST v1internal:loadCodeAssist traceId: 8fe5f2fc6c158178
2026-04-09 00:15:28.150 [info] [CloudCode] POST v1internal:loadCodeAssist traceId: a66d21313ed585f
2026-04-09 00:15:29.062 [info] [CloudCode] POST v1internal:fetchAvailableModels traceId: fc0c6630c8a24a88
2026-04-09 00:20:23.649 [info] [CloudCode] POST v1internal:loadCodeAssist traceId: 292afa3f39005850
2026-04-09 00:20:24.137 [info] [CloudCode] POST v1internal:loadCodeAssist traceId: 4d29916e987dad92
2026-04-09 00:20:24.572 [info] [CloudCode] POST v1internal:fetchAvailableModels traceId: d9344cc54e4acb34
2026-04-09 00:25:24.070 [info] [CloudCode] POST v1internal:loadCodeAssist traceId: e22599a4d0e5623
2026-04-09 00:25:25.021 [info] [CloudCode] POST v1internal:loadCodeAssist traceId: 90a50944cbca7748
2026-04-09 00:25:25.884 [info] [CloudCode] POST v1internal:fetchAvailableModels traceId: c670f7d80be1fcf2
2026-04-09 00:30:23.762 [info] [CloudCode] POST v1internal:loadCodeAssist traceId: 3767f32aa24e9d3c
2026-04-09 00:30:24.301 [info] [CloudCode] POST v1internal:loadCodeAssist traceId: 9c9e3eba29ef928a
2026-04-09 00:30:24.739 [info] [CloudCode] POST v1internal:fetchAvailableModels traceId: 36199bc5ffcd96
2026-04-09 00:35:23.675 [info] [CloudCode] POST v1internal:loadCodeAssist traceId: 8e5bfd5b6fd58077
2026-04-09 00:35:24.337 [info] [CloudCode] POST v1internal:loadCodeAssist traceId: 9ea78033cb87b5d6
2026-04-09 00:35:24.753 [info] [CloudCode] POST v1internal:fetchAvailableModels traceId: d4d530de6318f5cd
2026-04-09 00:40:28.479 [info] [CloudCode] POST v1internal:loadCodeAssist traceId: 40d42755283197b3
2026-04-09 00:40:29.082 [info] [CloudCode] POST v1internal:loadCodeAssist traceId: 620708a2ce45494e
2026-04-09 00:40:29.586 [info] [CloudCode] POST v1internal:fetchAvailableModels traceId: 336ff5d569345086
2026-04-09 00:45:25.052 [info] [CloudCode] POST v1internal:loadCodeAssist traceId: 2c6118f0d1bb1c1c
2026-04-09 00:45:26.436 [info] [CloudCode] POST v1internal:loadCodeAssist traceId: 40ebd8f5782d9f31
2026-04-09 00:45:28.114 [info] [CloudCode] POST v1internal:fetchAvailableModels traceId: 3520f0736ca48203
2026-04-09 00:50:23.906 [info] [CloudCode] POST v1internal:loadCodeAssist traceId: da874c5cee964bc3
2026-04-09 00:50:24.983 [info] [CloudCode] POST v1internal:loadCodeAssist traceId: bcf33ddf91558de8
2026-04-09 00:50:25.665 [info] [CloudCode] POST v1internal:fetchAvailableModels traceId: f7d21109c78408f
2026-04-09 00:55:24.576 [info] [CloudCode] POST v1internal:loadCodeAssist traceId: ba250ee928ce9f43
2026-04-09 00:55:25.745 [info] [CloudCode] POST v1internal:loadCodeAssist traceId: 7e13ca8e5d997b26
2026-04-09 00:55:26.766 [info] [CloudCode] POST v1internal:fetchAvailableModels traceId: 8fa2f57338266892
2026-04-09 01:00:24.328 [info] [CloudCode] POST v1internal:loadCodeAssist traceId: ece0e9fd90cc21a9
2026-04-09 01:00:25.382 [info] [CloudCode] POST v1internal:loadCodeAssist traceId: 633b15c4d4fcb7ad
2026-04-09 01:00:26.238 [info] [CloudCode] POST v1internal:fetchAvailableModels traceId: d9e61e2c9e5805a
2026-04-09 01:05:25.154 [info] [CloudCode] POST v1internal:loadCodeAssist traceId: 82f5deb40e7538c8
2026-04-09 01:05:25.663 [info] [CloudCode] POST v1internal:loadCodeAssist traceId: 7b1c457cebff56c9
2026-04-09 01:05:26.383 [info] [CloudCode] POST v1internal:fetchAvailableModels traceId: 9bb5f322a7913fb0
2026-04-09 01:10:24.261 [info] [CloudCode] POST v1internal:loadCodeAssist traceId: 957d958153f28ea0
2026-04-09 01:10:24.882 [info] [CloudCode] POST v1internal:loadCodeAssist traceId: bf4e084bec0871de
2026-04-09 01:10:25.312 [info] [CloudCode] POST v1internal:fetchAvailableModels traceId: 43e95ab6939d5cc5
2026-04-09 01:15:23.985 [info] [CloudCode] POST v1internal:loadCodeAssist traceId: 2d2dd03b8a4d5f56
2026-04-09 01:15:25.080 [info] [CloudCode] POST v1internal:loadCodeAssist traceId: 7dc2f71bb1153803
2026-04-09 01:15:25.823 [info] [CloudCode] POST v1internal:fetchAvailableModels traceId: 32db0d6db050209a
2026-04-09 01:20:24.626 [info] [CloudCode] POST v1internal:loadCodeAssist traceId: 88ec5fe56f1af061
2026-04-09 01:20:25.134 [info] [CloudCode] POST v1internal:loadCodeAssist traceId: 7fac5a483532a193
2026-04-09 01:20:25.535 [info] [CloudCode] POST v1internal:fetchAvailableModels traceId: c2b9010f8124cad7
2026-04-09 01:25:24.604 [info] [CloudCode] POST v1internal:loadCodeAssist traceId: 8af1056307ef0f5d
2026-04-09 01:25:25.171 [info] [CloudCode] POST v1internal:loadCodeAssist traceId: f3ddd7f86f710d18
2026-04-09 01:25:25.996 [info] [CloudCode] POST v1internal:fetchAvailableModels traceId: cc7d2f512f19cec9
2026-04-09 01:30:29.893 [info] [CloudCode] POST v1internal:loadCodeAssist traceId: fb967ebbf531dda9
2026-04-09 01:30:30.607 [info] [CloudCode] POST v1internal:loadCodeAssist traceId: ab65e3fc62e54fd2
2026-04-09 01:30:31.325 [info] [CloudCode] POST v1internal:fetchAvailableModels traceId: 4b2aaf53fe4018d2
2026-04-09 01:35:24.551 [info] [CloudCode] POST v1internal:loadCodeAssist traceId: 959301193561752f
2026-04-09 01:35:26.350 [info] [CloudCode] POST v1internal:loadCodeAssist traceId: 5bfc31dffae570d9
2026-04-09 01:35:27.573 [info] [CloudCode] POST v1internal:fetchAvailableModels traceId: c40cbcf0322301c7
2026-04-09 01:40:30.251 [info] [CloudCode] POST v1internal:loadCodeAssist traceId: 826423492d6b69f8
2026-04-09 01:40:31.608 [info] [CloudCode] POST v1internal:loadCodeAssist traceId: 5f638e30b082e527
2026-04-09 01:40:32.787 [info] [CloudCode] POST v1internal:fetchAvailableModels traceId: 6b156b0011980396
2026-04-09 01:45:24.473 [info] [CloudCode] POST v1internal:loadCodeAssist traceId: 285cd4b59a6a01d
2026-04-09 01:45:25.614 [info] [CloudCode] POST v1internal:loadCodeAssist traceId: a52ba38bf1f0a6c7
2026-04-09 01:45:26.377 [info] [CloudCode] POST v1internal:fetchAvailableModels traceId: f761aa1273a98938
2026-04-09 01:50:24.923 [info] [CloudCode] POST v1internal:loadCodeAssist traceId: 4845b382926d1229
2026-04-09 01:50:25.534 [info] [CloudCode] POST v1internal:loadCodeAssist traceId: 84393b58534e2c13
2026-04-09 01:50:26.080 [info] [CloudCode] POST v1internal:fetchAvailableModels traceId: 2591fc4714033c5c
2026-04-09 01:55:24.438 [info] [CloudCode] POST v1internal:loadCodeAssist traceId: 5e71f0c48e1e284d
2026-04-09 01:55:25.358 [info] [CloudCode] POST v1internal:loadCodeAssist traceId: ae6c363275d21e21
2026-04-09 01:55:25.878 [info] [CloudCode] POST v1internal:fetchAvailableModels traceId: a3ab5b53dedc683e
2026-04-09 02:00:24.268 [info] [CloudCode] POST v1internal:loadCodeAssist traceId: b5ebce4e15b666f4
2026-04-09 02:00:25.003 [info] [CloudCode] POST v1internal:loadCodeAssist traceId: 4d43a6c1a86cccde
2026-04-09 02:00:26.177 [info] [CloudCode] POST v1internal:fetchAvailableModels traceId: 1a2581bb70dd44c0
2026-04-09 02:05:24.376 [info] [CloudCode] POST v1internal:loadCodeAssist traceId: c33ab0164f9fcf6e
2026-04-09 02:05:25.354 [info] [CloudCode] POST v1internal:loadCodeAssist traceId: 54ae7727e14df497
2026-04-09 02:05:27.124 [info] [CloudCode] POST v1internal:fetchAvailableModels traceId: b352d1851f823cce
2026-04-09 02:10:26.260 [info] [CloudCode] POST v1internal:loadCodeAssist traceId: 3e9ac6f12b8309a3
2026-04-09 02:10:27.491 [info] [CloudCode] POST v1internal:loadCodeAssist traceId: 3ae404191ebffded
2026-04-09 02:10:28.368 [info] [CloudCode] POST v1internal:fetchAvailableModels traceId: 278c6d3616c862f
2026-04-09 02:15:24.668 [info] [CloudCode] POST v1internal:loadCodeAssist traceId: e2414f1f33e15aeb
2026-04-09 02:15:25.590 [info] [CloudCode] POST v1internal:loadCodeAssist traceId: 70f6ac1f097cf2ee
2026-04-09 02:15:26.299 [info] [CloudCode] POST v1internal:fetchAvailableModels traceId: 1909f7e7544ac943
2026-04-09 02:20:33.027 [error] Failed to make POST request: request to https://daily-cloudcode-pa.googleapis.com/v1internal:loadCodeAssist failed, reason: getaddrinfo EAI_AGAIN daily-cloudcode-pa.googleapis.com
2026-04-09 02:20:42.743 [error] Failed to fetch NUXes: request to https://daily-cloudcode-pa.googleapis.com/v1internal/cascadeNuxes failed, reason: getaddrinfo EAI_AGAIN daily-cloudcode-pa.googleapis.com
2026-04-09 02:25:32.928 [error] Failed to make POST request: request to https://daily-cloudcode-pa.googleapis.com/v1internal:loadCodeAssist failed, reason: getaddrinfo EAI_AGAIN daily-cloudcode-pa.googleapis.com
2026-04-09 02:25:42.751 [error] Failed to fetch NUXes: request to https://daily-cloudcode-pa.googleapis.com/v1internal/cascadeNuxes failed, reason: getaddrinfo EAI_AGAIN daily-cloudcode-pa.googleapis.com
2026-04-09 02:30:32.898 [error] Failed to make POST request: request to https://daily-cloudcode-pa.googleapis.com/v1internal:loadCodeAssist failed, reason: getaddrinfo EAI_AGAIN daily-cloudcode-pa.googleapis.com
2026-04-09 02:30:42.741 [error] Failed to fetch NUXes: request to https://daily-cloudcode-pa.googleapis.com/v1internal/cascadeNuxes failed, reason: getaddrinfo EAI_AGAIN daily-cloudcode-pa.googleapis.com
2026-04-09 02:35:32.907 [error] Failed to make POST request: request to https://daily-cloudcode-pa.googleapis.com/v1internal:loadCodeAssist failed, reason: getaddrinfo EAI_AGAIN daily-cloudcode-pa.googleapis.com
2026-04-09 02:35:42.881 [error] Failed to fetch NUXes: request to https://daily-cloudcode-pa.googleapis.com/v1internal/cascadeNuxes failed, reason: getaddrinfo EAI_AGAIN daily-cloudcode-pa.googleapis.com
2026-04-09 02:40:32.946 [error] Failed to make POST request: request to https://daily-cloudcode-pa.googleapis.com/v1internal:loadCodeAssist failed, reason: getaddrinfo EAI_AGAIN daily-cloudcode-pa.googleapis.com
2026-04-09 02:40:42.746 [error] Failed to fetch NUXes: request to https://daily-cloudcode-pa.googleapis.com/v1internal/cascadeNuxes failed, reason: getaddrinfo EAI_AGAIN daily-cloudcode-pa.googleapis.com
2026-04-09 02:45:32.957 [error] Failed to make POST request: request to https://daily-cloudcode-pa.googleapis.com/v1internal:loadCodeAssist failed, reason: getaddrinfo EAI_AGAIN daily-cloudcode-pa.googleapis.com
2026-04-10 02:03:05.129 [error] Failed to fetch NUXes: request to https://daily-cloudcode-pa.googleapis.com/v1internal/cascadeNuxes failed, reason: getaddrinfo EAI_AGAIN daily-cloudcode-pa.googleapis.com
2026-04-10 02:03:32.989 [error] Failed to make POST request: request to https://oauth2.googleapis.com/token failed, reason: getaddrinfo EAI_AGAIN oauth2.googleapis.com
2026-04-10 02:03:33.056 [error] Failed to fetch NUXes: request to https://oauth2.googleapis.com/token failed, reason: getaddrinfo EAI_AGAIN oauth2.googleapis.com
2026-04-10 02:08:32.896 [error] Failed to make POST request: request to https://oauth2.googleapis.com/token failed, reason: getaddrinfo EAI_AGAIN oauth2.googleapis.com
2026-04-10 02:08:32.896 [error] Failed to fetch NUXes: request to https://oauth2.googleapis.com/token failed, reason: getaddrinfo EAI_AGAIN oauth2.googleapis.com
2026-04-10 02:13:32.851 [error] Failed to make POST request: request to https://oauth2.googleapis.com/token failed, reason: getaddrinfo EAI_AGAIN oauth2.googleapis.com
2026-04-10 02:13:32.851 [error] Failed to fetch NUXes: request to https://oauth2.googleapis.com/token failed, reason: getaddrinfo EAI_AGAIN oauth2.googleapis.com
2026-04-10 02:18:32.537 [error] Failed to make POST request: request to https://oauth2.googleapis.com/token failed, reason: getaddrinfo EAI_AGAIN oauth2.googleapis.com
2026-04-10 02:18:32.537 [error] Failed to fetch NUXes: request to https://oauth2.googleapis.com/token failed, reason: getaddrinfo EAI_AGAIN oauth2.googleapis.com
2026-04-10 02:23:32.863 [error] Failed to make POST request: request to https://oauth2.googleapis.com/token failed, reason: getaddrinfo EAI_AGAIN oauth2.googleapis.com
2026-04-10 02:23:32.863 [error] Failed to fetch NUXes: request to https://oauth2.googleapis.com/token failed, reason: getaddrinfo EAI_AGAIN oauth2.googleapis.com
2026-04-10 02:28:32.863 [error] Failed to make POST request: request to https://oauth2.googleapis.com/token failed, reason: getaddrinfo EAI_AGAIN oauth2.googleapis.com
2026-04-10 02:28:32.863 [error] Failed to fetch NUXes: request to https://oauth2.googleapis.com/token failed, reason: getaddrinfo EAI_AGAIN oauth2.googleapis.com
2026-04-10 02:33:32.873 [error] Failed to make POST request: request to https://oauth2.googleapis.com/token failed, reason: getaddrinfo EAI_AGAIN oauth2.googleapis.com
2026-04-10 02:33:32.875 [error] Failed to fetch NUXes: request to https://oauth2.googleapis.com/token failed, reason: getaddrinfo EAI_AGAIN oauth2.googleapis.com
2026-04-10 02:38:32.860 [error] Failed to make POST request: request to https://oauth2.googleapis.com/token failed, reason: getaddrinfo EAI_AGAIN oauth2.googleapis.com
2026-04-10 02:38:32.861 [error] Failed to fetch NUXes: request to https://oauth2.googleapis.com/token failed, reason: getaddrinfo EAI_AGAIN oauth2.googleapis.com
2026-04-10 02:43:32.885 [error] Failed to make POST request: request to https://oauth2.googleapis.com/token failed, reason: getaddrinfo EAI_AGAIN oauth2.googleapis.com
2026-04-10 02:43:32.885 [error] Failed to fetch NUXes: request to https://oauth2.googleapis.com/token failed, reason: getaddrinfo EAI_AGAIN oauth2.googleapis.com
2026-04-10 02:48:32.919 [error] Failed to make POST request: request to https://oauth2.googleapis.com/token failed, reason: getaddrinfo EAI_AGAIN oauth2.googleapis.com
2026-04-10 02:48:32.925 [error] Failed to fetch NUXes: request to https://oauth2.googleapis.com/token failed, reason: getaddrinfo EAI_AGAIN oauth2.googleapis.com
2026-04-10 02:53:32.896 [error] Failed to make POST request: request to https://oauth2.googleapis.com/token failed, reason: getaddrinfo EAI_AGAIN oauth2.googleapis.com
2026-04-10 02:53:32.897 [error] Failed to fetch NUXes: request to https://oauth2.googleapis.com/token failed, reason: getaddrinfo EAI_AGAIN oauth2.googleapis.com
2026-04-10 02:58:32.949 [error] Failed to make POST request: request to https://oauth2.googleapis.com/token failed, reason: getaddrinfo EAI_AGAIN oauth2.googleapis.com
2026-04-10 02:58:32.950 [error] Failed to fetch NUXes: request to https://oauth2.googleapis.com/token failed, reason: getaddrinfo EAI_AGAIN oauth2.googleapis.com
2026-04-10 03:03:11.584 [info] [CloudCode] POST v1internal:loadCodeAssist traceId: 4fe66f766ce2bbec
2026-04-10 03:03:13.924 [info] [CloudCode] POST v1internal:loadCodeAssist traceId: 60443324cbdf533c
2026-04-10 03:03:15.415 [info] [CloudCode] POST v1internal:fetchAvailableModels traceId: 4d9c160aed3ee626
2026-04-10 03:08:04.791 [info] [CloudCode] POST v1internal:loadCodeAssist traceId: 96fab56714cdde02
2026-04-10 03:08:06.004 [info] [CloudCode] POST v1internal:loadCodeAssist traceId: a3bf3cb504b3d688
2026-04-10 03:08:06.959 [info] [CloudCode] POST v1internal:fetchAvailableModels traceId: d2bfd1bdf0284862
2026-04-10 03:13:04.944 [info] [CloudCode] POST v1internal:loadCodeAssist traceId: 6b2299467a11802e
2026-04-10 03:13:06.158 [info] [CloudCode] POST v1internal:loadCodeAssist traceId: 74e25f37dc4cda95
2026-04-10 03:13:07.373 [info] [CloudCode] POST v1internal:fetchAvailableModels traceId: 29cf0c378986159
2026-04-10 03:18:04.116 [info] [CloudCode] POST v1internal:loadCodeAssist traceId: c055b7f74dbfb4e3
2026-04-10 03:18:05.077 [info] [CloudCode] POST v1internal:loadCodeAssist traceId: 5e199d2a7f43fc9d
2026-04-10 03:18:06.012 [info] [CloudCode] POST v1internal:fetchAvailableModels traceId: 33a3058dc25aed48
2026-04-10 03:23:04.864 [info] [CloudCode] POST v1internal:loadCodeAssist traceId: 64b1212833eeedf4
2026-04-10 03:23:06.300 [info] [CloudCode] POST v1internal:loadCodeAssist traceId: a5e740dd0f488dd
2026-04-10 03:23:07.350 [info] [CloudCode] POST v1internal:fetchAvailableModels traceId: 7595ff6b7830f6b4
2026-04-10 03:28:05.095 [info] [CloudCode] POST v1internal:loadCodeAssist traceId: 59075ce624f3a134
2026-04-10 03:28:06.429 [info] [CloudCode] POST v1internal:loadCodeAssist traceId: 1263e518bdf26341
2026-04-10 03:28:07.499 [info] [CloudCode] POST v1internal:fetchAvailableModels traceId: df9f5861156e90b1
2026-04-10 03:33:04.722 [info] [CloudCode] POST v1internal:loadCodeAssist traceId: 27c20baac1b435aa
2026-04-10 03:33:05.942 [info] [CloudCode] POST v1internal:loadCodeAssist traceId: e9e68bb9e8bd5ca5
2026-04-10 03:33:07.000 [info] [CloudCode] POST v1internal:fetchAvailableModels traceId: 6e7c5f75ded37026
2026-04-10 03:38:05.267 [info] [CloudCode] POST v1internal:loadCodeAssist traceId: f97ff49ef11430c7
2026-04-10 03:38:06.483 [info] [CloudCode] POST v1internal:loadCodeAssist traceId: 514698469a729806
2026-04-10 03:38:07.338 [info] [CloudCode] POST v1internal:fetchAvailableModels traceId: c1d4ecaec10414f4
2026-04-10 03:43:04.355 [info] [CloudCode] POST v1internal:loadCodeAssist traceId: a2c9580fa400a29b
2026-04-10 03:43:05.642 [info] [CloudCode] POST v1internal:loadCodeAssist traceId: bd2b26c05f7a9712
2026-04-10 03:43:06.608 [info] [CloudCode] POST v1internal:fetchAvailableModels traceId: 344e8f630e0fd3c0
2026-04-10 03:48:04.786 [info] [CloudCode] POST v1internal:loadCodeAssist traceId: 762afd91bc4fd6e5
2026-04-10 03:48:05.728 [info] [CloudCode] POST v1internal:loadCodeAssist traceId: 900f0630325ab9b6
2026-04-10 03:48:06.424 [info] [CloudCode] POST v1internal:fetchAvailableModels traceId: 3c2b6e8fa938b0d0
2026-04-10 03:53:05.333 [info] [CloudCode] POST v1internal:loadCodeAssist traceId: 38b86d4ea64c2841
2026-04-10 03:53:06.144 [info] [CloudCode] POST v1internal:loadCodeAssist traceId: 499a1eb006c5f243
2026-04-10 03:53:07.104 [info] [CloudCode] POST v1internal:fetchAvailableModels traceId: b100db53bbc86c69
2026-04-10 03:58:08.721 [info] [CloudCode] POST v1internal:loadCodeAssist traceId: 2e03fcea61f28a64
2026-04-10 03:58:10.806 [info] [CloudCode] POST v1internal:loadCodeAssist traceId: 2bf1b9af75569bb2
2026-04-10 03:58:13.240 [info] [CloudCode] POST v1internal:fetchAvailableModels traceId: d7a58ca3f63c7cdc
2026-04-10 04:03:23.504 [info] [CloudCode] POST v1internal:loadCodeAssist traceId: 6c47169f3c67f447
2026-04-10 04:03:26.927 [info] [CloudCode] POST v1internal:loadCodeAssist traceId: 834239966d78c537
2026-04-10 04:03:28.087 [info] [CloudCode] POST v1internal:fetchAvailableModels traceId: a32ef3501e85e272
