2026-04-08 23:49:01.712 [info] Python-envs extension version: 1.20.1
2026-04-08 23:49:01.712 [info] 
=== Python Envs Configuration Levels ===
2026-04-08 23:49:01.712 [info] {
  "section": "Python Envs Configuration Levels",
  "defaultEnvManager": {
    "workspaceFolderValue": "undefined",
    "workspaceValue": "undefined",
    "globalValue": "undefined",
    "defaultValue": "ms-python.python:venv"
  },
  "defaultPackageManager": {
    "workspaceFolderValue": "undefined",
    "workspaceValue": "undefined",
    "globalValue": "undefined",
    "defaultValue": "ms-python.python:pip"
  }
}
2026-04-08 23:49:01.712 [info] [pet] Starting Python Locator /home/chimdi/.antigravity/extensions/ms-python.python-2026.4.0-universal/python-env-tools/bin/pet server
2026-04-08 23:49:01.716 [error] [pet] Process error: A system error occurred (spawn /home/chimdi/.antigravity/extensions/ms-python.python-2026.4.0-universal/python-env-tools/bin/pet ENOENT)
2026-04-08 23:49:01.722 [warning] [pet] Restarting Python Environment Tools (attempt 1/3, waiting 1000ms)
2026-04-08 23:49:03.116 [info] [pet] Starting Python Locator /home/chimdi/.antigravity/extensions/ms-python.python-2026.4.0-universal/python-env-tools/bin/pet server
2026-04-08 23:49:03.116 [info] [pet] Python Environment Tools restarted successfully
2026-04-08 23:49:03.142 [warning] No workspace folders found for relative search path: ./**/.venv
2026-04-08 23:49:03.176 [info] [pet] configure: Sending configuration update: {"workspaceDirectories":[],"environmentDirectories":[],"pipenvExecutable":"pipenv","poetryExecutable":"poetry","cacheDirectory":"/home/chimdi/.config/Antigravity/User/globalStorage/ms-python.vscode-python-envs/pythonLocator"}
2026-04-08 23:49:03.180 [error] [pet] Process error: A system error occurred (spawn /home/chimdi/.antigravity/extensions/ms-python.python-2026.4.0-universal/python-env-tools/bin/pet ENOENT)
2026-04-08 23:49:33.174 [warning] [pet] Configure request timed out, killing hung process for restart
2026-04-08 23:49:33.177 [error] [pet] configure: Configuration error Request 'configure' timed out after 30000ms
2026-04-08 23:49:33.178 [warning] [pet] Request timed out, killing hung process for restart
2026-04-08 23:49:33.178 [error] [pet] Error refreshing Request 'configure' timed out after 30000ms
2026-04-08 23:49:33.195 [warning] [pet] Restarting Python Environment Tools (attempt 2/3, waiting 2000ms)
2026-04-08 23:49:33.209 [info] Pipenv not found, turning off pipenv features. If you have pipenv installed in a non-standard location, set the "python.pipenvPath" setting. [Error: Request 'configure' timed out after 30000ms
	at Timeout.<anonymous> (/home/chimdi/.antigravity/extensions/ms-python.vscode-python-envs-1.20.1-universal/dist/extension.js:2:534062)
	at listOnTimeout (node:internal/timers:588:17)
	at process.processTimers (node:internal/timers:523:7)]
2026-04-08 23:49:35.245 [info] [pet] Starting Python Locator /home/chimdi/.antigravity/extensions/ms-python.python-2026.4.0-universal/python-env-tools/bin/pet server
2026-04-08 23:49:35.245 [info] [pet] Python Environment Tools restarted successfully
2026-04-08 23:49:35.249 [warning] No workspace folders found for relative search path: ./**/.venv
2026-04-08 23:49:35.250 [info] [pet] configure: Sending configuration update: {"workspaceDirectories":[],"environmentDirectories":[],"pipenvExecutable":"pipenv","poetryExecutable":"poetry","cacheDirectory":"/home/chimdi/.config/Antigravity/User/globalStorage/ms-python.vscode-python-envs/pythonLocator"}
2026-04-08 23:49:35.252 [error] [pet] Process error: A system error occurred (spawn /home/chimdi/.antigravity/extensions/ms-python.python-2026.4.0-universal/python-env-tools/bin/pet ENOENT)
2026-04-08 23:50:05.247 [warning] [pet] Configure request timed out, killing hung process for restart
2026-04-08 23:50:05.248 [error] [pet] configure: Configuration error Request 'configure' timed out after 30000ms
2026-04-08 23:50:05.248 [warning] [pet] Request timed out, killing hung process for restart
2026-04-08 23:50:05.248 [error] [pet] Error refreshing Request 'configure' timed out after 30000ms
2026-04-08 23:50:05.254 [warning] [pet] Restarting Python Environment Tools (attempt 3/3, waiting 4000ms)
2026-04-08 23:50:05.255 [info] Conda not found, turning off conda features. [Error: Request 'configure' timed out after 30000ms
	at Timeout.<anonymous> (/home/chimdi/.antigravity/extensions/ms-python.vscode-python-envs-1.20.1-universal/dist/extension.js:2:534062)
	at listOnTimeout (node:internal/timers:588:17)
	at process.processTimers (node:internal/timers:523:7)]
2026-04-08 23:50:09.296 [info] [pet] Starting Python Locator /home/chimdi/.antigravity/extensions/ms-python.python-2026.4.0-universal/python-env-tools/bin/pet server
2026-04-08 23:50:09.296 [info] [pet] Python Environment Tools restarted successfully
2026-04-08 23:50:09.302 [warning] No workspace folders found for relative search path: ./**/.venv
2026-04-08 23:50:09.308 [info] [pet] configure: Sending configuration update: {"workspaceDirectories":[],"environmentDirectories":[],"pipenvExecutable":"pipenv","poetryExecutable":"poetry","cacheDirectory":"/home/chimdi/.config/Antigravity/User/globalStorage/ms-python.vscode-python-envs/pythonLocator"}
2026-04-08 23:50:09.313 [error] [pet] Process error: A system error occurred (spawn /home/chimdi/.antigravity/extensions/ms-python.python-2026.4.0-universal/python-env-tools/bin/pet ENOENT)
2026-04-08 23:50:39.310 [warning] [pet] Configure request timed out, killing hung process for restart
2026-04-08 23:50:39.310 [error] [pet] configure: Configuration error Request 'configure' timed out after 30000ms
2026-04-08 23:50:39.311 [warning] [pet] Request timed out, killing hung process for restart
2026-04-08 23:50:39.311 [error] [pet] Error refreshing Request 'configure' timed out after 30000ms
2026-04-08 23:50:39.313 [info] Pyenv not found, turning off pyenv features. [Error: Request 'configure' timed out after 30000ms
	at Timeout.<anonymous> (/home/chimdi/.antigravity/extensions/ms-python.vscode-python-envs-1.20.1-universal/dist/extension.js:2:534062)
	at listOnTimeout (node:internal/timers:588:17)
	at process.processTimers (node:internal/timers:523:7)]
2026-04-08 23:50:39.324 [info] Poetry not found, turning off poetry features. [Error: Python Environment Tools (PET) failed after 3 restart attempts. Please reload the window or check the output channel for details. To debug, run "Python Environments: Run Python Environment Tool (PET) in Terminal" from the Command Palette.
	at S.ensureProcessRunning (/home/chimdi/.antigravity/extensions/ms-python.vscode-python-envs-1.20.1-universal/dist/extension.js:2:535872)
	at S.doRefresh (/home/chimdi/.antigravity/extensions/ms-python.vscode-python-envs-1.20.1-universal/dist/extension.js:2:540575)
	at c.workerFunc (/home/chimdi/.antigravity/extensions/ms-python.vscode-python-envs-1.20.1-universal/dist/extension.js:2:535168)
	at o.workFunc (/home/chimdi/.antigravity/extensions/ms-python.vscode-python-envs-1.20.1-universal/dist/extension.js:2:287619)
	at o.start (/home/chimdi/.antigravity/extensions/ms-python.vscode-python-envs-1.20.1-universal/dist/extension.js:2:286434)]
2026-04-08 23:50:39.334 [info] [interpreterSelection] Applying initial environment selection for 0 workspace folder(s)
2026-04-08 23:50:39.358 [error] [interpreterSelection] Failed to set global environment: Error: Python Environment Tools (PET) failed after 3 restart attempts. Please reload the window or check the output channel for details. To debug, run "Python Environments: Run Python Environment Tool (PET) in Terminal" from the Command Palette.
2026-04-08 23:50:39.554 [error] Failed to initialize environment managers: [Error: Python Environment Tools (PET) failed after 3 restart attempts. Please reload the window or check the output channel for details. To debug, run "Python Environments: Run Python Environment Tool (PET) in Terminal" from the Command Palette.
	at S.ensureProcessRunning (/home/chimdi/.antigravity/extensions/ms-python.vscode-python-envs-1.20.1-universal/dist/extension.js:2:535872)
	at S.doRefresh (/home/chimdi/.antigravity/extensions/ms-python.vscode-python-envs-1.20.1-universal/dist/extension.js:2:540575)
	at c.workerFunc (/home/chimdi/.antigravity/extensions/ms-python.vscode-python-envs-1.20.1-universal/dist/extension.js:2:535168)
	at o.workFunc (/home/chimdi/.antigravity/extensions/ms-python.vscode-python-envs-1.20.1-universal/dist/extension.js:2:287619)
	at o.start (/home/chimdi/.antigravity/extensions/ms-python.vscode-python-envs-1.20.1-universal/dist/extension.js:2:286434)]
